<?xml version="1.0" encoding="UTF-8"?>
<beans xmlns="http://www.springframework.org/schema/beans"
       xmlns:xsi="http://www.w3.org/2001/XMLSchema-instance"
       xmlns:context="http://www.springframework.org/schema/context"
       xmlns:p="http://www.springframework.org/schema/p"
       xmlns:tx="http://www.springframework.org/schema/tx"
       xmlns:jee="http://www.springframework.org/schema/jee"
       xsi:schemaLocation="http://www.springframework.org/schema/beans 
        http://www.springframework.org/schema/beans/spring-beans-3.1.xsd
        http://www.springframework.org/schema/tx 
        http://www.springframework.org/schema/tx/spring-tx-3.1.xsd
        http://www.springframework.org/schema/context 
        http://www.springframework.org/schema/context/spring-context.xsd
        http://www.springframework.org/schema/jee 
        http://www.springframework.org/schema/jee/spring-jee-3.2.xsd">
 
    <!-- telling container to take care of annotations stuff -->  
    <context:annotation-config />  
    <!-- declaring base package -->  
    <context:component-scan base-package="com.ucol.otweb.dao.impl" />
   <context:component-scan base-package="com.ucol.otweb.cws.WebServiceImpl" />
   
    <context:property-placeholder location="file:C:\\cteAdrian\\OtorgamientoWEB\\src\\test\\java\\resources\\jdbc.properties"/>
    
    <tx:annotation-driven transaction-manager="transactionManager"/>
    
    
    <bean id="iWebService" class="com.ucol.otweb.cws.WebServiceImpl" />
    
    
    <!-- definicion Client Service AMS class="org.springframework.remoting.jaxrpc.JaxRpcPortProxyFactoryBean"-->
    
    <bean id="webServiceOtorgamiento" class="org.springframework.remoting.jaxws.JaxWsPortProxyFactoryBean">
            <property name="wsdlDocumentUrl">
                <value>http://207.248.171.164:8085/Tabla49Campos.asmx?WSDL</value>
            </property>
            <property name="namespaceUri">
                <value>http://tempuri.org/</value>
            </property>
            <property name="serviceName">
                <value>Tabla49Campos</value>
            </property>
            <property name="portName">
                <value>Tabla49CamposSoap</value>
            </property>
            <property name="serviceInterface">
                <value>com.ucol.otweb.cws.IWebService</value>
            </property>
     </bean>       
   
    <!--Fin AMS -->
    
    
    <bean id="transactionManager"
          class="org.springframework.jdbc.datasource.DataSourceTransactionManager">
        <property name="dataSource" ref="dataSource" />
    </bean>
    
    <bean id="dataSource"
          class="org.springframework.jdbc.datasource.DriverManagerDataSource"
          p:driverClassName="${jdbc.driverClassName}"
          p:url="${jdbc.url}"
          p:username="${jdbc.username}"
          p:password="${jdbc.password}"/>
</beans>